<?xml version="1.0" encoding="UTF-8"?>
<testsuite xmlns:xsi="http://www.w3.org/2001/XMLSchema-instance" xsi:noNamespaceSchemaLocation="https://maven.apache.org/surefire/maven-surefire-plugin/xsd/surefire-test-report-3.0.xsd" version="3.0" name="com.demo.DemoAppApplicationTests" time="7.267" tests="1" errors="0" skipped="0" failures="0">
  <properties>
[...]
</properties>
  <testcase name="contextLoads" classname="com.demo.DemoAppApplicationTests" time="1.696">
    <system-out><![CDATA[10:31:21.851 [main] INFO org.springframework.test.context.support.AnnotationConfigContextLoaderUtils -- Could not detect default configuration classes for test class [com.demo.DemoAppApplicationTests]: DemoAppApplicationTests does not declare any static, non-private, non-final, nested classes annotated with @Configuration.
10:31:22.041 [main] INFO org.springframework.boot.test.context.SpringBootTestContextBootstrapper -- Found @SpringBootConfiguration com.demo.DemoAppApplication for test class com.demo.DemoAppApplicationTests
======================= Start =========================
Adding Properties
Mail Properties Beforenull
Mail Properties null
======================= End =========================

  .   ____          _            __ _ _
 /\\ / ___'_ __ _ _(_)_ __  __ _ \ \ \ \
( ( )\___ | '_ | '_| | '_ \/ _` | \ \ \ \
 \\/  ___)| |_)| | | | | || (_| |  ) ) ) )
  '  |____| .__|_| |_|_| |_\__, | / / / /
 =========|_|==============|___/=/_/_/_/
 :: Spring Boot ::                (v3.2.0)

2024-05-05T10:31:22.857+05:30  INFO 1168 --- [DemoApp] [           main] com.demo.DemoAppApplicationTests         : Starting DemoAppApplicationTests using Java 21.0.1 with PID 1168 (started by rajes in C:\Users\rajes\Desktop\DemoApp)
2024-05-05T10:31:22.859+05:30  INFO 1168 --- [DemoApp] [           main] com.demo.DemoAppApplicationTests         : No active profile set, falling back to 1 default profile: "default"
2024-05-05T10:31:26.821+05:30  INFO 1168 --- [DemoApp] [           main] o.s.b.a.e.web.EndpointLinksResolver      : Exposing 1 endpoint(s) beneath base path '/actuator'
2024-05-05T10:31:26.916+05:30  INFO 1168 --- [DemoApp] [           main] com.demo.DemoAppApplicationTests         : Started DemoAppApplicationTests in 4.601 seconds (process running for 6.477)
]]></system-out>
    <system-err><![CDATA[WARNING: A Java agent has been loaded dynamically (C:\Users\rajes\.m2\repository\net\bytebuddy\byte-buddy-agent\1.14.10\byte-buddy-agent-1.14.10.jar)
WARNING: If a serviceability tool is in use, please run with -XX:+EnableDynamicAgentLoading to hide this warning
WARNING: If a serviceability tool is not in use, please run with -Djdk.instrument.traceUsage for more information
WARNING: Dynamic loading of agents will be disallowed by default in a future release
]]></system-err>
  </testcase>
</testsuite>